<h2 id=>'MA GRUN WAR 'N GELYNEN
</h2>
</p><p><i>Translated bard Tyrvab (W. Daniel Watson)
</i><br>
</p><p>'Ma grün war 'n gelynen, 'ga lyú-ý léthwyn
<br>Ha Jésus ó maylyes yn dyllas owrlyn
<br>
</p><p><i>Ha Mam ó an Vaghteth
</i><br><i>Marýa Mam Dew
</i><br><i>Ha gwedhen an gwella
</i><br><i>An gelynen yú
</i><br><i>Kelyn, kelyn
</i><br><i>Ha gwedhen an gwella
</i><br><i>An gelynen yú
</i><br>
</p><p>'Ma grün war 'n gelynen, 'ga lyú-ý gwelswer
<br>Ha Jésus ó crowsys, ý Vam yn awhér
<br>
</p><p><i>Ha Mam ó an Vaghteth
</i><br><i>Marýa Mam Dew
</i><br><i>Ha gwedhen an gwella
</i><br><i>An gelynen yú
</i><br><i>Kelyn, kelyn
</i><br><i>Ha gwedhen an gwella
</i><br><i>An gelynen yú
</i><br>
</p><p>'Ma grün war 'n gelynen, 'ga lyú-ý gosrüth
<br>Ha Jésus yú 'gan Sylw'as, ý vernans mar druth
<br>
</p><p><i>Ha Mam ó an Vaghteth
</i><br><i>Marýa Mam Dew
</i><br><i>Ha gwedhen an gwella
</i><br><i>An gelynen yú
</i><br><i>Kelyn, kelyn
</i><br><i>Ha gwedhen an gwella
</i><br><i>An gelynen yú
</i><br>
</p><p>'Ma grün war 'n gelynen, 'ga lyú-ý glowdhú
<br>Ha Jésus ó marow, dredho ný a vew
<br>
</p><p><i> This is a translation into Cornish of an English language(but culturally Cornish) carol.
</i><br>