<h2 id=''>Frost is all over
</h2>
</p><p>What would you do if the kettle boiled over?
<br>What would I do but to fill it again
<br>What would you do if the cows eat the clover?
<br>What would I do but to set it again
<br><i>The praties are dug and the frost is all over
</i><br><i>Kitty lie over close to the wall
</i><br><i>How would you like to be married to a solider?
</i><br><i>Kitty lie over close to the wall
</i><br>
</p><p>What would you do if you married a solider?
<br>What would I do only follow his gun
<br>What would you do if he died on the ocean?
<br>What would I do only marry again
<br><i>The praties all boil and the herrings are roasted
</i><br><i>Kitty lie over close to the wall
</i><br><i>You to be drunk and I to be sober
</i><br><i>Kitty lie over close to the wall
</i><br>
</p><p>What would you do if the kettle boiled over?
<br>What would I do but to fill it again
<br>What would you do if the cows eat the clover?
<br>What would I do but to set it again
<br><i>The praties are dug and the frost is all over
</i><br><i>Kitty lie over close to the wall
</i><br><i>How would you like to be married to a solider?
</i><br><i>Kitty lie over close to the wall 
</i><br>
</p><p><i>Lie over probably refers to sex here...
</i><br>